<?xml version="1.0" encoding="UTF-8"?>
<testng-results skipped="0" failed="0" ignored="0" total="1" passed="1">
  <reporter-output>
  </reporter-output>
  <suite name="Default suite" duration-ms="2852" started-at="2018-01-31T16:15:21Z" finished-at="2018-01-31T16:15:24Z">
    <groups>
    </groups>
    <test name="Default test" duration-ms="2852" started-at="2018-01-31T16:15:21Z" finished-at="2018-01-31T16:15:24Z">
      <class name="practiceAPIcall.Practice">
        <test-method status="PASS" signature="testOutPut()[pri:0, instance:practiceAPIcall.Practice@42a311]" name="testOutPut" duration-ms="2773" started-at="2018-01-31T21:45:21Z" finished-at="2018-01-31T21:45:24Z">
          <reporter-output>
          </reporter-output>
        </test-method> <!-- testOutPut -->
      </class> <!-- practiceAPIcall.Practice -->
    </test> <!-- Default test -->
  </suite> <!-- Default suite -->
</testng-results>
